[debug] [2026-01-23T21:57:48.231Z] ----------------------------------------------------------------------
[debug] [2026-01-23T21:57:48.233Z] Command:       /home/heidless/.nvm/versions/node/v22.18.0/bin/node /mnt/c/Users/ADMIN/AppData/Roaming/npm/node_modules/firebase-tools/lib/bin/firebase.js deploy --only hosting:autovideo-v0-dev --project heidless-firebase-2 --non-interactive --debug
[debug] [2026-01-23T21:57:48.234Z] CLI Version:   15.1.0
[debug] [2026-01-23T21:57:48.234Z] Platform:      linux
[debug] [2026-01-23T21:57:48.234Z] Node Version:  v22.18.0
[debug] [2026-01-23T21:57:48.234Z] Time:          Fri Jan 23 2026 21:57:48 GMT+0000 (Greenwich Mean Time)
[debug] [2026-01-23T21:57:48.234Z] ----------------------------------------------------------------------
[debug] 
[debug] [2026-01-23T21:59:06.717Z] > command requires scopes: ["email","openid","https://www.googleapis.com/auth/cloudplatformprojects.readonly","https://www.googleapis.com/auth/firebase","https://www.googleapis.com/auth/cloud-platform"]
[debug] [2026-01-23T21:59:06.719Z] > authorizing via signed-in user (heidlessemail17@gmail.com)
[debug] [2026-01-23T21:59:06.719Z] [iam] checking project heidless-firebase-2 for permissions ["firebase.projects.get","firebasehosting.sites.update"]
[debug] [2026-01-23T21:59:06.720Z] Checked if tokens are valid: true, expires at: 1769208652462
[debug] [2026-01-23T21:59:06.721Z] Checked if tokens are valid: true, expires at: 1769208652462
[debug] [2026-01-23T21:59:06.722Z] >>> [apiv2][query] POST https://cloudresourcemanager.googleapis.com/v1/projects/heidless-firebase-2:testIamPermissions [none]
[debug] [2026-01-23T21:59:06.722Z] >>> [apiv2][(partial)header] POST https://cloudresourcemanager.googleapis.com/v1/projects/heidless-firebase-2:testIamPermissions x-goog-quota-user=projects/heidless-firebase-2
[debug] [2026-01-23T21:59:06.722Z] >>> [apiv2][body] POST https://cloudresourcemanager.googleapis.com/v1/projects/heidless-firebase-2:testIamPermissions {"permissions":["firebase.projects.get","firebasehosting.sites.update"]}
[debug] [2026-01-23T21:59:08.550Z] <<< [apiv2][status] POST https://cloudresourcemanager.googleapis.com/v1/projects/heidless-firebase-2:testIamPermissions 200
[debug] [2026-01-23T21:59:08.550Z] <<< [apiv2][body] POST https://cloudresourcemanager.googleapis.com/v1/projects/heidless-firebase-2:testIamPermissions {"permissions":["firebase.projects.get","firebasehosting.sites.update"]}
[debug] [2026-01-23T21:59:08.551Z] Checked if tokens are valid: true, expires at: 1769208652462
[debug] [2026-01-23T21:59:08.551Z] Checked if tokens are valid: true, expires at: 1769208652462
[debug] [2026-01-23T21:59:08.551Z] >>> [apiv2][query] GET https://firebase.googleapis.com/v1beta1/projects/heidless-firebase-2 [none]
[debug] [2026-01-23T21:59:08.859Z] <<< [apiv2][status] GET https://firebase.googleapis.com/v1beta1/projects/heidless-firebase-2 200
[debug] [2026-01-23T21:59:08.859Z] <<< [apiv2][body] GET https://firebase.googleapis.com/v1beta1/projects/heidless-firebase-2 {"projectId":"heidless-firebase-2","projectNumber":"948332178516","displayName":"heidless-firebase-2","name":"projects/heidless-firebase-2","resources":{"hostingSite":"heidless-firebase-2"},"state":"ACTIVE","etag":"1_5c71892f-b7bd-4123-931c-253f1edc58b5"}
[debug] [2026-01-23T21:59:10.349Z] defaultcredentials: writing to file /home/heidless/.config/firebase/heidlessemail17_gmail_com_application_default_credentials.json
[debug] [2026-01-23T21:59:10.401Z] Checked if tokens are valid: true, expires at: 1769208652462
[debug] [2026-01-23T21:59:10.402Z] Checked if tokens are valid: true, expires at: 1769208652462
[debug] [2026-01-23T21:59:10.402Z] >>> [apiv2][query] GET https://firebasehosting.googleapis.com/v1beta1/projects/heidless-firebase-2/sites pageToken=&pageSize=10
[debug] [2026-01-23T21:59:11.225Z] <<< [apiv2][status] GET https://firebasehosting.googleapis.com/v1beta1/projects/heidless-firebase-2/sites 200
[debug] [2026-01-23T21:59:11.225Z] <<< [apiv2][body] GET https://firebasehosting.googleapis.com/v1beta1/projects/heidless-firebase-2/sites {"sites":[{"name":"projects/heidless-firebase-2/sites/autovideo-v0-dev","defaultUrl":"https://autovideo-v0-dev.web.app","type":"USER_SITE"},{"name":"projects/heidless-firebase-2/sites/heidless-firebase-2","defaultUrl":"https://heidless-firebase-2.web.app","type":"DEFAULT_SITE"},{"name":"projects/heidless-firebase-2/sites/promptvault-v1-0","defaultUrl":"https://promptvault-v1-0.web.app","type":"USER_SITE"}]}
[debug] [2026-01-23T21:59:11.226Z] Checked if tokens are valid: true, expires at: 1769208652462
[debug] [2026-01-23T21:59:11.226Z] Checked if tokens are valid: true, expires at: 1769208652462
[debug] [2026-01-23T21:59:11.226Z] >>> [apiv2][query] GET https://firebasehosting.googleapis.com/v1beta1/projects/heidless-firebase-2/sites 
[debug] [2026-01-23T21:59:11.463Z] <<< [apiv2][status] GET https://firebasehosting.googleapis.com/v1beta1/projects/heidless-firebase-2/sites 200
[debug] [2026-01-23T21:59:11.463Z] <<< [apiv2][body] GET https://firebasehosting.googleapis.com/v1beta1/projects/heidless-firebase-2/sites {"sites":[{"name":"projects/heidless-firebase-2/sites/autovideo-v0-dev","defaultUrl":"https://autovideo-v0-dev.web.app","type":"USER_SITE"},{"name":"projects/heidless-firebase-2/sites/heidless-firebase-2","defaultUrl":"https://heidless-firebase-2.web.app","type":"DEFAULT_SITE"},{"name":"projects/heidless-firebase-2/sites/promptvault-v1-0","defaultUrl":"https://promptvault-v1-0.web.app","type":"USER_SITE"}]}
[debug] [2026-01-23T21:59:11.463Z] Checked if tokens are valid: true, expires at: 1769208652462
[debug] [2026-01-23T21:59:11.463Z] Checked if tokens are valid: true, expires at: 1769208652462
[debug] [2026-01-23T21:59:11.464Z] >>> [apiv2][query] GET https://firebase.googleapis.com/v1beta1/projects/heidless-firebase-2/webApps/-/config [none]
[debug] [2026-01-23T21:59:11.947Z] <<< [apiv2][status] GET https://firebase.googleapis.com/v1beta1/projects/heidless-firebase-2/webApps/-/config 200
[debug] [2026-01-23T21:59:11.948Z] <<< [apiv2][body] GET https://firebase.googleapis.com/v1beta1/projects/heidless-firebase-2/webApps/-/config {"projectId":"heidless-firebase-2","storageBucket":"heidless-firebase-2.firebasestorage.app","apiKey":"AIzaSyDGVDr83xHVrRRydXJ5bB9BX16v-o25nRU","authDomain":"heidless-firebase-2.firebaseapp.com","messagingSenderId":"948332178516","projectNumber":"948332178516","version":"2"}
[info] 
   Thank you for trying our early preview of Next.js support on Firebase Hosting.
   During the preview, support is best-effort and breaking changes can be expected. Proceed with caution.
   The integration is known to work with Next.js version 12 - 15.0. You may encounter errors.

   Documentation: https://firebase.google.com/docs/hosting/frameworks/nextjs
   File a bug: https://github.com/firebase/firebase-tools/issues/new?template=bug_report.md
   Submit a feature request: https://github.com/firebase/firebase-tools/issues/new?template=feature_request.md

   We'd love to learn from you. Express your interest in helping us shape the future of Firebase Hosting: https://goo.gle/41enW5X

[debug] [2026-01-23T21:59:16.624Z] Checked if tokens are valid: true, expires at: 1769208652462
[debug] [2026-01-23T21:59:16.624Z] Checked if tokens are valid: true, expires at: 1769208652462
[debug] [2026-01-23T21:59:16.624Z] >>> [apiv2][query] GET https://firebasehosting.googleapis.com/v1beta1/projects/heidless-firebase-2/sites/heidless-firebase-2 [none]
[debug] [2026-01-23T21:59:17.351Z] <<< [apiv2][status] GET https://firebasehosting.googleapis.com/v1beta1/projects/heidless-firebase-2/sites/heidless-firebase-2 200
[debug] [2026-01-23T21:59:17.351Z] <<< [apiv2][body] GET https://firebasehosting.googleapis.com/v1beta1/projects/heidless-firebase-2/sites/heidless-firebase-2 {"name":"projects/heidless-firebase-2/sites/heidless-firebase-2","defaultUrl":"https://heidless-firebase-2.web.app","type":"DEFAULT_SITE"}
[info] ▲ Next.js 16.1.4 (Turbopack)

[info] - Environments: .env.local


[info]   Creating an optimized production build ...

[info] 

[info] [195.45ms] [@tailwindcss/postcss] src/app/globals.css
[  0.10ms]   ↳ Quick bail check
[ 41.98ms]   ↳ Setup compiler

[info] [  0.54ms]     ↳ PostCSS AST -> Tailwind CSS AST
[ 41.40ms]     ↳ Create compiler

[info] [  0.25ms]   ↳ Register full rebuild paths
[  2.93ms]   ↳ Setup scanner
[ 20.55ms]   ↳ Scan for candidates

[info] [ 14.52ms]   ↳ Register dependency messages
[ 70.00ms]   ↳ Build utilities
[ 35.48ms]   ↳ Optimization

[info] [  1.54ms]     ↳ AST -> CSS
[ 18.61ms]     ↳ Lightning CSS

[info] [ 15.22ms]     ↳ CSS -> PostCSS AST
[  9.00ms]   ↳ Update PostCSS AST


[info] ✓ Compiled successfully in 15.4s

[info]   Running TypeScript ...

[info]   Collecting page data using 7 workers ...

[info] [Firebase Admin] Initialization error: Error: Failed to parse service account json file: Error: Service account object must contain a string "project_id" property.
    at <unknown> (.next/server/chunks/[root-of-the-server]__4aa0c099._.js:1:1553) {
  errorInfo: [Object],
  codePrefix: 'app'
}

[info] Error: The default Firebase app does not exist. Make sure you call initializeApp() before using any of the Firebase services.
    at <unknown> (.next/server/chunks/[root-of-the-server]__4aa0c099._.js:1:2078) {
  errorInfo: [Object],
  codePrefix: 'app'
}

[info] 

[info] > Build error occurred

[info] Error: Failed to collect page data for /api/projects/[id]/assemble
    at ignore-listed frames {
  type: 'Error'
}

[debug] [2026-01-23T21:59:50.356Z] Error: ENOENT: no such file or directory, open '/home/heidless/projects/heidless-ai/antigravity/live/VideoSystem/video-system/.next/export-marker.json'
[error] 
[error] Error: An unexpected error has occurred.
[debug] [2026-01-23T22:02:06.022Z] ----------------------------------------------------------------------
[debug] [2026-01-23T22:02:06.033Z] Command:       /home/heidless/.nvm/versions/node/v22.18.0/bin/node /home/heidless/.npm/_npx/7750544ccf494d8b/node_modules/.bin/firebase deploy --only hosting --project heidless-firebase-2 --non-interactive --json
[debug] [2026-01-23T22:02:06.034Z] CLI Version:   15.4.0
[debug] [2026-01-23T22:02:06.034Z] Platform:      linux
[debug] [2026-01-23T22:02:06.034Z] Node Version:  v22.18.0
[debug] [2026-01-23T22:02:06.035Z] Time:          Fri Jan 23 2026 22:02:06 GMT+0000 (Greenwich Mean Time)
[debug] [2026-01-23T22:02:06.035Z] ----------------------------------------------------------------------
[debug] 
[debug] [2026-01-23T22:02:07.197Z] > command requires scopes: ["email","openid","https://www.googleapis.com/auth/cloudplatformprojects.readonly","https://www.googleapis.com/auth/firebase","https://www.googleapis.com/auth/cloud-platform"]
[debug] [2026-01-23T22:02:07.197Z] > authorizing via signed-in user (heidlessemail17@gmail.com)
[debug] [2026-01-23T22:02:07.197Z] [iam] checking project heidless-firebase-2 for permissions ["firebase.projects.get","firebasehosting.sites.update"]
[debug] [2026-01-23T22:02:07.198Z] Checked if tokens are valid: true, expires at: 1769208652462
[debug] [2026-01-23T22:02:07.198Z] Checked if tokens are valid: true, expires at: 1769208652462
[debug] [2026-01-23T22:02:07.199Z] >>> [apiv2][query] POST https://cloudresourcemanager.googleapis.com/v1/projects/heidless-firebase-2:testIamPermissions [none]
[debug] [2026-01-23T22:02:07.199Z] >>> [apiv2][(partial)header] POST https://cloudresourcemanager.googleapis.com/v1/projects/heidless-firebase-2:testIamPermissions x-goog-quota-user=projects/heidless-firebase-2
[debug] [2026-01-23T22:02:07.200Z] >>> [apiv2][body] POST https://cloudresourcemanager.googleapis.com/v1/projects/heidless-firebase-2:testIamPermissions {"permissions":["firebase.projects.get","firebasehosting.sites.update"]}
[debug] [2026-01-23T22:02:07.807Z] <<< [apiv2][status] POST https://cloudresourcemanager.googleapis.com/v1/projects/heidless-firebase-2:testIamPermissions 200
[debug] [2026-01-23T22:02:07.807Z] <<< [apiv2][body] POST https://cloudresourcemanager.googleapis.com/v1/projects/heidless-firebase-2:testIamPermissions {"permissions":["firebase.projects.get","firebasehosting.sites.update"]}
[debug] [2026-01-23T22:02:07.808Z] Checked if tokens are valid: true, expires at: 1769208652462
[debug] [2026-01-23T22:02:07.808Z] Checked if tokens are valid: true, expires at: 1769208652462
[debug] [2026-01-23T22:02:07.808Z] >>> [apiv2][query] GET https://firebase.googleapis.com/v1beta1/projects/heidless-firebase-2 [none]
[debug] [2026-01-23T22:02:08.059Z] <<< [apiv2][status] GET https://firebase.googleapis.com/v1beta1/projects/heidless-firebase-2 200
[debug] [2026-01-23T22:02:08.059Z] <<< [apiv2][body] GET https://firebase.googleapis.com/v1beta1/projects/heidless-firebase-2 {"projectId":"heidless-firebase-2","projectNumber":"948332178516","displayName":"heidless-firebase-2","name":"projects/heidless-firebase-2","resources":{"hostingSite":"heidless-firebase-2"},"state":"ACTIVE","etag":"1_5c71892f-b7bd-4123-931c-253f1edc58b5"}
[debug] [2026-01-23T22:02:09.241Z] defaultcredentials: writing to file /home/heidless/.config/firebase/heidlessemail17_gmail_com_application_default_credentials.json
[debug] [2026-01-23T22:02:09.244Z] Checked if tokens are valid: true, expires at: 1769208652462
[debug] [2026-01-23T22:02:09.244Z] Checked if tokens are valid: true, expires at: 1769208652462
[debug] [2026-01-23T22:02:09.245Z] >>> [apiv2][query] GET https://firebasehosting.googleapis.com/v1beta1/projects/heidless-firebase-2/sites pageToken=&pageSize=10
[debug] [2026-01-23T22:02:09.994Z] <<< [apiv2][status] GET https://firebasehosting.googleapis.com/v1beta1/projects/heidless-firebase-2/sites 200
[debug] [2026-01-23T22:02:09.994Z] <<< [apiv2][body] GET https://firebasehosting.googleapis.com/v1beta1/projects/heidless-firebase-2/sites {"sites":[{"name":"projects/heidless-firebase-2/sites/autovideo-v0-dev","defaultUrl":"https://autovideo-v0-dev.web.app","type":"USER_SITE"},{"name":"projects/heidless-firebase-2/sites/heidless-firebase-2","defaultUrl":"https://heidless-firebase-2.web.app","type":"DEFAULT_SITE"},{"name":"projects/heidless-firebase-2/sites/promptvault-v1-0","defaultUrl":"https://promptvault-v1-0.web.app","type":"USER_SITE"}]}
[debug] [2026-01-23T22:02:09.995Z] Checked if tokens are valid: true, expires at: 1769208652462
[debug] [2026-01-23T22:02:09.995Z] Checked if tokens are valid: true, expires at: 1769208652462
[debug] [2026-01-23T22:02:09.995Z] >>> [apiv2][query] GET https://firebasehosting.googleapis.com/v1beta1/projects/heidless-firebase-2/sites 
[debug] [2026-01-23T22:02:10.200Z] <<< [apiv2][status] GET https://firebasehosting.googleapis.com/v1beta1/projects/heidless-firebase-2/sites 200
[debug] [2026-01-23T22:02:10.200Z] <<< [apiv2][body] GET https://firebasehosting.googleapis.com/v1beta1/projects/heidless-firebase-2/sites {"sites":[{"name":"projects/heidless-firebase-2/sites/autovideo-v0-dev","defaultUrl":"https://autovideo-v0-dev.web.app","type":"USER_SITE"},{"name":"projects/heidless-firebase-2/sites/heidless-firebase-2","defaultUrl":"https://heidless-firebase-2.web.app","type":"DEFAULT_SITE"},{"name":"projects/heidless-firebase-2/sites/promptvault-v1-0","defaultUrl":"https://promptvault-v1-0.web.app","type":"USER_SITE"}]}
[debug] [2026-01-23T22:02:10.200Z] Checked if tokens are valid: true, expires at: 1769208652462
[debug] [2026-01-23T22:02:10.200Z] Checked if tokens are valid: true, expires at: 1769208652462
[debug] [2026-01-23T22:02:10.200Z] >>> [apiv2][query] GET https://firebase.googleapis.com/v1beta1/projects/heidless-firebase-2/webApps/-/config [none]
[debug] [2026-01-23T22:02:10.831Z] <<< [apiv2][status] GET https://firebase.googleapis.com/v1beta1/projects/heidless-firebase-2/webApps/-/config 200
[debug] [2026-01-23T22:02:10.831Z] <<< [apiv2][body] GET https://firebase.googleapis.com/v1beta1/projects/heidless-firebase-2/webApps/-/config {"projectId":"heidless-firebase-2","storageBucket":"heidless-firebase-2.firebasestorage.app","apiKey":"AIzaSyDGVDr83xHVrRRydXJ5bB9BX16v-o25nRU","authDomain":"heidless-firebase-2.firebaseapp.com","messagingSenderId":"948332178516","projectNumber":"948332178516","version":"2"}
[info] 
   Thank you for trying our early preview of Next.js support on Firebase Hosting.
   During the preview, support is best-effort and breaking changes can be expected. Proceed with caution.
   The integration is known to work with Next.js version 12 - 15.0. You may encounter errors.

   Documentation: https://firebase.google.com/docs/hosting/frameworks/nextjs
   File a bug: https://github.com/firebase/firebase-tools/issues/new?template=bug_report.md
   Submit a feature request: https://github.com/firebase/firebase-tools/issues/new?template=feature_request.md

   We'd love to learn from you. Express your interest in helping us shape the future of Firebase Hosting: https://goo.gle/41enW5X

[debug] [2026-01-23T22:02:15.441Z] Checked if tokens are valid: true, expires at: 1769208652462
[debug] [2026-01-23T22:02:15.441Z] Checked if tokens are valid: true, expires at: 1769208652462
[debug] [2026-01-23T22:02:15.441Z] >>> [apiv2][query] GET https://firebasehosting.googleapis.com/v1beta1/projects/heidless-firebase-2/sites/heidless-firebase-2 [none]
[debug] [2026-01-23T22:02:16.126Z] <<< [apiv2][status] GET https://firebasehosting.googleapis.com/v1beta1/projects/heidless-firebase-2/sites/heidless-firebase-2 200
[debug] [2026-01-23T22:02:16.126Z] <<< [apiv2][body] GET https://firebasehosting.googleapis.com/v1beta1/projects/heidless-firebase-2/sites/heidless-firebase-2 {"name":"projects/heidless-firebase-2/sites/heidless-firebase-2","defaultUrl":"https://heidless-firebase-2.web.app","type":"DEFAULT_SITE"}
[info] ▲ Next.js 16.1.4 (Turbopack)

[info] - Environments: .env.local


[info]   Creating an optimized production build ...

[info] ✓ Compiled successfully in 20.8s

[info]   Running TypeScript ...

[info]   Collecting page data using 7 workers ...

[info] [Firebase Admin] Initialization error: Error: Failed to parse service account json file: Error: Service account object must contain a string "project_id" property.
    at <unknown> (.next/server/chunks/[root-of-the-server]__f7295fdb._.js:1:20424) {
  errorInfo: [Object],
  codePrefix: 'app'
}

[info] [Firebase Admin] Initialization error: Error: Failed to parse service account json file: Error: Service account object must contain a string "project_id" property.
    at <unknown> (.next/server/chunks/[root-of-the-server]__78098521._.js:1:2409) {
  errorInfo: [Object],
  codePrefix: 'app'
}
[Firebase Admin] Initialization error: Error: Failed to parse service account json file: Error: Service account object must contain a string "project_id" property.
    at <unknown> (.next/server/chunks/[root-of-the-server]__f16daf74._.js:1:2409) {
  errorInfo: [Object],
  codePrefix: 'app'
}

[info] [Firebase Admin] Initialization error: Error: Failed to parse service account json file: Error: Service account object must contain a string "project_id" property.
    at <unknown> (.next/server/chunks/[root-of-the-server]__4aa0c099._.js:1:1553) {
  errorInfo: [Object],
  codePrefix: 'app'
}

[info] Error: The default Firebase app does not exist. Make sure you call initializeApp() before using any of the Firebase services.
    at <unknown> (.next/server/chunks/[root-of-the-server]__f7295fdb._.js:1:20949) {
  errorInfo: [Object],
  codePrefix: 'app'
}

[info] Error: The default Firebase app does not exist. Make sure you call initializeApp() before using any of the Firebase services.
    at <unknown> (.next/server/chunks/[root-of-the-server]__4aa0c099._.js:1:2078) {
  errorInfo: [Object],
  codePrefix: 'app'
}
Error: The default Firebase app does not exist. Make sure you call initializeApp() before using any of the Firebase services.
    at <unknown> (.next/server/chunks/[root-of-the-server]__f16daf74._.js:1:2934) {
  errorInfo: [Object],
  codePrefix: 'app'
}

[info] 
> Build error occurred

[info] Error: Failed to collect page data for /api/projects/[id]/tts
    at ignore-listed frames {
  type: 'Error'
}

[debug] [2026-01-23T22:02:53.351Z] Error: ENOENT: no such file or directory, open '/home/heidless/projects/heidless-ai/antigravity/live/VideoSystem/video-system/.next/export-marker.json'
[error] 
[error] Error: An unexpected error has occurred.
